{"content": {"suites": {"0": {"status": {"total_pass": 1, "total_skip": 0, "total_xpass": 0, "total_xfail": 0, "total_rerun": 0, "total_fail": 0, "total_error": 0}, "tests": {"0": {"status": "PASS", "message": "", "test_name": "test_add_to_cart", "rerun": "0"}}, "suite_name": "tests/test_cart.py"}, "1": {"suite_name": "tests/test_contact.py", "tests": {"0": {"status": "FAIL", "message": "   seleniumbase.common.exceptions.TextNotVisibleException: Message: \n    Expected text substring {Thanks for us! We will be in touch with you shortly} for {div[role=alert]} was not visible after 7 seconds!\n    (The string searched was {Thanks for contacting us! We will be in touch with you shortly})\n", "test_name": "test_contact_page", "rerun": "0"}}, "status": {"total_pass": 0, "total_skip": 0, "total_xpass": 0, "total_xfail": 0, "total_rerun": 0, "total_fail": 1, "total_error": 0}}, "2": {"suite_name": "tests/test_home.py", "tests": {"0": {"status": "FAIL", "message": "   selenium.common.exceptions.NoSuchElementException: Message: \n    Element {.woocommerce-MyAccount-content} was not present after 7 seconds!\n", "test_name": "test_home_page", "rerun": "0"}, "1": {"status": "FAIL", "message": "   selenium.common.exceptions.NoSuchElementException: Message: \n    Element {.woocommerce-MyAccount-content} was not present after 7 seconds!\n", "test_name": "test_menu_links", "rerun": "0"}}, "status": {"total_pass": 0, "total_skip": 0, "total_xpass": 0, "total_xfail": 0, "total_rerun": 0, "total_fail": 2, "total_error": 0}}, "3": {"suite_name": "tests/test_shop.py", "tests": {"0": {"status": "PASS", "message": "", "test_name": "test_search_products", "rerun": "0"}}, "status": {"total_pass": 1, "total_skip": 0, "total_xpass": 0, "total_xfail": 0, "total_rerun": 0, "total_fail": 0, "total_error": 0}}, "4": {"suite_name": "tests/test_upload.py", "tests": {"0": {"status": "PASS", "message": "", "test_name": "test_hidden_upload", "rerun": "0"}, "1": {"status": "PASS", "message": "", "test_name": "test_visible_upload", "rerun": "0"}}, "status": {"total_pass": 2, "total_skip": 0, "total_xpass": 0, "total_xfail": 0, "total_rerun": 0, "total_fail": 0, "total_error": 0}}}}, "date": "June 20, 2022", "start_time": 1655740532.87269, "total_suite": 5, "status": "FAIL", "status_list": {"pass": "4", "fail": "3", "skip": "0", "error": "0", "xpass": "0", "xfail": "0", "rerun": "0"}, "total_tests": "7"}